<?xml version="1.0" encoding="UTF-8"?>
<!-- Generated by org.testng.reporters.JUnitXMLReporter -->
<testsuite ignored="3" hostname="DESKTOP-3R5I3AG" failures="0" tests="5" name="Test" time="0.178" errors="0" timestamp="2022-07-13T11:34:58 IST">
  <testcase classname="TestNGBasic.BasicNG" name="test4" time="0.035"/>
  <testcase classname="TestNGBasic.BasicNG" name="test7" time="0.003"/>
  <testcase classname="TestNGBasic.BasicNG" name="test1" time="0.006"/>
  <testcase classname="TestNGBasic.BasicNG" name="test8" time="0.002"/>
  <testcase classname="TestNGBasic.BasicNG" name="test3" time="0.003"/>
  <testcase classname="TestNGBasic.BasicNG" name="test6" time="0.0">
    <ignored/>
  </testcase> <!-- test6 -->
  <testcase classname="TestNGBasic.BasicNG" name="test2" time="0.0">
    <ignored/>
  </testcase> <!-- test2 -->
  <testcase classname="TestNGBasic.BasicNG" name="test5" time="0.0">
    <ignored/>
  </testcase> <!-- test5 -->
</testsuite> <!-- Test -->
